2022-08-28 10:54:37,397 [INFO] Activator:178 - 


2022-08-28 10:54:37,400 [INFO] Activator:179 - !SESSION log4j initialized
2022-08-28 10:54:41,665 [INFO] ApplicationProperties:181 - Using Application install path: C:\ST\STM32CubeIDE_1.4.0\STM32CubeIDE\plugins\com.st.stm32cube.common.mx_6.0.0.202007160824
2022-08-28 10:54:41,677 [INFO] DbMcusXml:70 - Set database path to: C:\ST\STM32CubeIDE_1.4.0\STM32CubeIDE\plugins\com.st.stm32cube.common.mx_6.0.0.202007160824\\db\/mcu/
2022-08-28 10:54:41,680 [INFO] DbBoardsPdsc:56 - Set plugin database path to: C:\ST\STM32CubeIDE_1.4.0\STM32CubeIDE\plugins\com.st.stm32cube.common.mx_6.0.0.202007160824\\db\/plugins/boardmanager/
2022-08-28 10:54:41,681 [INFO] DbMcus:258 - Set plugin images path to: C:\ST\STM32CubeIDE_1.4.0\STM32CubeIDE\plugins\com.st.stm32cube.common.mx_6.0.0.202007160824\\db\/plugins/mcufinder/images/
2022-08-28 10:54:41,682 [INFO] DbBoards:264 - Set plugin images path to: C:\ST\STM32CubeIDE_1.4.0\STM32CubeIDE\plugins\com.st.stm32cube.common.mx_6.0.0.202007160824\\db\/plugins/mcufinder/images/
2022-08-28 10:54:41,684 [INFO] DbExamples:326 - Set plugin images path to: C:\ST\STM32CubeIDE_1.4.0\STM32CubeIDE\plugins\com.st.stm32cube.common.mx_6.0.0.202007160824\\db\/plugins/mcufinder/images/
2022-08-28 10:54:41,689 [INFO] DbMcusDocs:112 - Set database path to: C:\Users\Haytham\.stmcufinder\plugins\mcufinder//mcu/
2022-08-28 10:54:41,691 [INFO] DbMcusJson:63 - Set database path to: C:\Users\Haytham\.stmcufinder\plugins\mcufinder//mcu/
2022-08-28 10:54:41,691 [INFO] DbBoardsDocs:112 - Set database path to: C:\Users\Haytham\.stmcufinder\plugins\mcufinder//mcu/
2022-08-28 10:54:41,693 [INFO] DbBoardsJson:56 - Set database path to: C:\Users\Haytham\.stmcufinder\plugins\mcufinder//mcu/
2022-08-28 10:54:41,696 [INFO] CrossReferenceDbSqlite:196 - Set database path to: C:\Users\Haytham\.stmcufinder\plugins\mcufinder//mcu/cs/
2022-08-28 10:54:41,699 [INFO] DbExamplesSqlite:800 - Set database path to: C:\Users\Haytham\.stmcufinder\plugins\mcufinder//mcu/
2022-08-28 10:54:41,797 [INFO] RulesReader:52 - Compatibility file has been processed (209 Rules)
2022-08-28 10:54:41,874 [INFO] MicroXplorer:564 - Detected Java Version = 1.8.0_252
2022-08-28 10:54:41,874 [INFO] DbMcusXml:70 - Set database path to: C:\ST\STM32CubeIDE_1.4.0\STM32CubeIDE\plugins\com.st.stm32cube.common.mx_6.0.0.202007160824\\db\/mcu/
2022-08-28 10:54:41,874 [INFO] DbBoardsPdsc:56 - Set plugin database path to: C:\ST\STM32CubeIDE_1.4.0\STM32CubeIDE\plugins\com.st.stm32cube.common.mx_6.0.0.202007160824\\db\/plugins/boardmanager/
2022-08-28 10:54:41,875 [INFO] DbMcus:258 - Set plugin images path to: C:\ST\STM32CubeIDE_1.4.0\STM32CubeIDE\plugins\com.st.stm32cube.common.mx_6.0.0.202007160824\\db\/plugins/mcufinder/images/
2022-08-28 10:54:41,875 [INFO] DbBoards:264 - Set plugin images path to: C:\ST\STM32CubeIDE_1.4.0\STM32CubeIDE\plugins\com.st.stm32cube.common.mx_6.0.0.202007160824\\db\/plugins/mcufinder/images/
2022-08-28 10:54:41,875 [INFO] DbExamples:326 - Set plugin images path to: C:\ST\STM32CubeIDE_1.4.0\STM32CubeIDE\plugins\com.st.stm32cube.common.mx_6.0.0.202007160824\\db\/plugins/mcufinder/images/
2022-08-28 10:54:41,875 [WARN] DbFile:36 - Overriding database path with different value: C:\Users\Haytham\.stmcufinder\plugins\mcufinder/ => C:\Users\Haytham\.stmcufinder\plugins\mcufinder
2022-08-28 10:54:41,875 [INFO] DbMcusDocs:112 - Set database path to: C:\Users\Haytham\.stmcufinder\plugins\mcufinder//mcu/
2022-08-28 10:54:41,875 [WARN] DbFile:36 - Overriding database path with different value: C:\Users\Haytham\.stmcufinder\plugins\mcufinder/ => C:\Users\Haytham\.stmcufinder\plugins\mcufinder
2022-08-28 10:54:41,875 [INFO] DbMcusJson:63 - Set database path to: C:\Users\Haytham\.stmcufinder\plugins\mcufinder//mcu/
2022-08-28 10:54:41,876 [WARN] DbFile:36 - Overriding database path with different value: C:\Users\Haytham\.stmcufinder\plugins\mcufinder/ => C:\Users\Haytham\.stmcufinder\plugins\mcufinder
2022-08-28 10:54:41,876 [INFO] DbBoardsDocs:112 - Set database path to: C:\Users\Haytham\.stmcufinder\plugins\mcufinder//mcu/
2022-08-28 10:54:41,876 [WARN] DbFile:36 - Overriding database path with different value: C:\Users\Haytham\.stmcufinder\plugins\mcufinder/ => C:\Users\Haytham\.stmcufinder\plugins\mcufinder
2022-08-28 10:54:41,876 [INFO] DbBoardsJson:56 - Set database path to: C:\Users\Haytham\.stmcufinder\plugins\mcufinder//mcu/
2022-08-28 10:54:41,876 [WARN] DbFile:36 - Overriding database path with different value: C:\Users\Haytham\.stmcufinder\plugins\mcufinder/ => C:\Users\Haytham\.stmcufinder\plugins\mcufinder
2022-08-28 10:54:41,876 [WARN] DbFile:36 - Overriding database path with different value: C:\Users\Haytham\.stmcufinder\plugins\mcufinder/ => C:\Users\Haytham\.stmcufinder\plugins\mcufinder
2022-08-28 10:54:41,876 [INFO] CrossReferenceDbSqlite:196 - Set database path to: C:\Users\Haytham\.stmcufinder\plugins\mcufinder//mcu/cs/
2022-08-28 10:54:41,877 [WARN] DbFile:36 - Overriding database path with different value: C:\Users\Haytham\.stmcufinder\plugins\mcufinder/ => C:\Users\Haytham\.stmcufinder\plugins\mcufinder
2022-08-28 10:54:41,877 [INFO] DbExamplesSqlite:800 - Set database path to: C:\Users\Haytham\.stmcufinder\plugins\mcufinder//mcu/
2022-08-28 10:54:41,933 [INFO] MainPanel:189 - HeapMemory: 268435456
2022-08-28 10:54:42,003 [INFO] DbMcusXml:70 - Set database path to: C:\ST\STM32CubeIDE_1.4.0\STM32CubeIDE\plugins\com.st.stm32cube.common.mx_6.0.0.202007160824\\db\/mcu/
2022-08-28 10:54:42,003 [INFO] DbBoardsPdsc:56 - Set plugin database path to: C:\ST\STM32CubeIDE_1.4.0\STM32CubeIDE\plugins\com.st.stm32cube.common.mx_6.0.0.202007160824\\db\/plugins/boardmanager/
2022-08-28 10:54:42,004 [INFO] DbMcus:258 - Set plugin images path to: C:\ST\STM32CubeIDE_1.4.0\STM32CubeIDE\plugins\com.st.stm32cube.common.mx_6.0.0.202007160824\\db\/plugins/mcufinder/images/
2022-08-28 10:54:42,004 [INFO] DbBoards:264 - Set plugin images path to: C:\ST\STM32CubeIDE_1.4.0\STM32CubeIDE\plugins\com.st.stm32cube.common.mx_6.0.0.202007160824\\db\/plugins/mcufinder/images/
2022-08-28 10:54:42,004 [INFO] DbExamples:326 - Set plugin images path to: C:\ST\STM32CubeIDE_1.4.0\STM32CubeIDE\plugins\com.st.stm32cube.common.mx_6.0.0.202007160824\\db\/plugins/mcufinder/images/
2022-08-28 10:54:42,004 [WARN] DbFile:36 - Overriding database path with different value: C:\Users\Haytham\.stmcufinder\plugins\mcufinder/ => C:\Users\Haytham\.stmcufinder\plugins\mcufinder
2022-08-28 10:54:42,004 [INFO] DbMcusDocs:112 - Set database path to: C:\Users\Haytham\.stmcufinder\plugins\mcufinder//mcu/
2022-08-28 10:54:42,005 [WARN] DbFile:36 - Overriding database path with different value: C:\Users\Haytham\.stmcufinder\plugins\mcufinder/ => C:\Users\Haytham\.stmcufinder\plugins\mcufinder
2022-08-28 10:54:42,005 [INFO] DbMcusJson:63 - Set database path to: C:\Users\Haytham\.stmcufinder\plugins\mcufinder//mcu/
2022-08-28 10:54:42,005 [WARN] DbFile:36 - Overriding database path with different value: C:\Users\Haytham\.stmcufinder\plugins\mcufinder/ => C:\Users\Haytham\.stmcufinder\plugins\mcufinder
2022-08-28 10:54:42,005 [INFO] DbBoardsDocs:112 - Set database path to: C:\Users\Haytham\.stmcufinder\plugins\mcufinder//mcu/
2022-08-28 10:54:42,005 [WARN] DbFile:36 - Overriding database path with different value: C:\Users\Haytham\.stmcufinder\plugins\mcufinder/ => C:\Users\Haytham\.stmcufinder\plugins\mcufinder
2022-08-28 10:54:42,005 [INFO] DbBoardsJson:56 - Set database path to: C:\Users\Haytham\.stmcufinder\plugins\mcufinder//mcu/
2022-08-28 10:54:42,005 [WARN] DbFile:36 - Overriding database path with different value: C:\Users\Haytham\.stmcufinder\plugins\mcufinder/ => C:\Users\Haytham\.stmcufinder\plugins\mcufinder
2022-08-28 10:54:42,005 [WARN] DbFile:36 - Overriding database path with different value: C:\Users\Haytham\.stmcufinder\plugins\mcufinder/ => C:\Users\Haytham\.stmcufinder\plugins\mcufinder
2022-08-28 10:54:42,006 [INFO] CrossReferenceDbSqlite:196 - Set database path to: C:\Users\Haytham\.stmcufinder\plugins\mcufinder//mcu/cs/
2022-08-28 10:54:42,006 [WARN] DbFile:36 - Overriding database path with different value: C:\Users\Haytham\.stmcufinder\plugins\mcufinder/ => C:\Users\Haytham\.stmcufinder\plugins\mcufinder
2022-08-28 10:54:42,006 [INFO] DbExamplesSqlite:800 - Set database path to: C:\Users\Haytham\.stmcufinder\plugins\mcufinder//mcu/
2022-08-28 10:54:42,020 [INFO] ApplicationProperties:181 - Using Application install path: C:\ST\STM32CubeIDE_1.4.0\STM32CubeIDE\plugins\com.st.stm32cube.common.mx_6.0.0.202007160824
2022-08-28 10:54:42,021 [INFO] PluginManage:178 - Search for loadable plugins [exclusion list=, ]
2022-08-28 10:54:42,022 [INFO] PluginManage:292 - Check plugin analytics
2022-08-28 10:54:50,219 [INFO] AnalyticsPlugin:203 - Accepted Software Licenses: 
2022-08-28 10:54:50,219 [INFO] AnalyticsPlugin:205 - Accepted CMSIS Pack Licenses: 
2022-08-28 10:54:50,221 [INFO] AnalyticsPlugin:207 - Accepted Firmware Licenses: 
2022-08-28 10:54:50,222 [INFO] PluginManage:342 - Loaded plugin analytics (category:tool,tabindex:-1)
2022-08-28 10:54:50,222 [INFO] PluginManage:292 - Check plugin clock
2022-08-28 10:54:50,240 [INFO] PluginManage:342 - Loaded plugin clock (category:base,tabindex:2)
2022-08-28 10:54:50,241 [INFO] PluginManage:292 - Check plugin ddr
2022-08-28 10:54:50,244 [INFO] PluginManage:342 - Loaded plugin ddr (category:tool,tabindex:6)
2022-08-28 10:54:50,245 [INFO] PluginManage:292 - Check plugin filemanager
2022-08-28 10:54:50,393 [INFO] PluginManage:342 - Loaded plugin filemanager (category:base,tabindex:10)
2022-08-28 10:54:50,393 [INFO] PluginManage:292 - Check plugin ipmanager
2022-08-28 10:54:50,401 [INFO] PluginManage:342 - Loaded plugin ipmanager (category:base,tabindex:5)
2022-08-28 10:54:50,402 [INFO] PluginManage:292 - Check plugin pinoutandconfiguration
2022-08-28 10:54:50,409 [INFO] PluginManage:342 - Loaded plugin pinoutandconfiguration (category:base,tabindex:1)
2022-08-28 10:54:50,409 [INFO] PluginManage:292 - Check plugin pinoutconfig
2022-08-28 10:54:50,429 [INFO] PluginManage:342 - Loaded plugin pinoutconfig (category:base,tabindex:0)
2022-08-28 10:54:50,429 [INFO] PluginManage:292 - Check plugin power
2022-08-28 10:54:50,437 [INFO] PluginManage:342 - Loaded plugin power (category:power,tabindex:4)
2022-08-28 10:54:50,437 [INFO] PluginManage:292 - Check plugin projectmanager
2022-08-28 10:54:50,450 [INFO] PluginManage:342 - Loaded plugin projectmanager (category:projectmanager,tabindex:3)
2022-08-28 10:54:50,450 [INFO] PluginManage:292 - Check plugin thirdparty
2022-08-28 10:54:50,567 [INFO] ThirdPartyDb:333 - Open Third Party DataBase File (C:/Users/Haytham/.stm32cubemx/plugins/thirdparty/db/thirdparties_db.xml) : 61 ms. number of Sw pack : 58
2022-08-28 10:54:50,571 [INFO] PluginManage:342 - Loaded plugin thirdparty (category:base,tabindex:-1)
2022-08-28 10:54:50,571 [INFO] PluginManage:292 - Check plugin tools
2022-08-28 10:54:50,573 [INFO] PluginManage:342 - Loaded plugin tools (category:base,tabindex:7)
2022-08-28 10:54:50,573 [INFO] PluginManage:292 - Check plugin tutovideos
2022-08-28 10:54:50,759 [INFO] PluginManage:342 - Loaded plugin tutovideos (category:base,tabindex:-1)
2022-08-28 10:54:50,759 [INFO] PluginManage:292 - Check plugin updater
2022-08-28 10:54:50,771 [INFO] PluginManage:342 - Loaded plugin updater (category:base,tabindex:12)
2022-08-28 10:54:50,771 [INFO] PluginManage:265 - PluginManage : Loaded plugins [13]
2022-08-28 10:54:50,902 [INFO] PinOutPanel:1418 - setPackage(No Configuration,No Configuration)
2022-08-28 10:54:50,976 [INFO] IPUIPlugin:64 - create IPUIPlugin
2022-08-28 10:54:50,976 [INFO] PluginManager:200 - loadIPPluginJar : add adc
2022-08-28 10:54:50,978 [INFO] IPUIPlugin:64 - create IPUIPlugin
2022-08-28 10:54:50,978 [INFO] PluginManager:200 - loadIPPluginJar : add aes
2022-08-28 10:54:50,981 [INFO] IPUIPlugin:64 - create IPUIPlugin
2022-08-28 10:54:50,981 [INFO] PluginManager:200 - loadIPPluginJar : add can
2022-08-28 10:54:50,982 [INFO] IPUIPlugin:64 - create IPUIPlugin
2022-08-28 10:54:50,982 [INFO] PluginManager:200 - loadIPPluginJar : add comp
2022-08-28 10:54:50,984 [INFO] IPUIPlugin:64 - create IPUIPlugin
2022-08-28 10:54:50,984 [INFO] PluginManager:200 - loadIPPluginJar : add cryp
2022-08-28 10:54:50,985 [INFO] IPUIPlugin:64 - create IPUIPlugin
2022-08-28 10:54:50,986 [INFO] PluginManager:200 - loadIPPluginJar : add dfsdm
2022-08-28 10:54:50,990 [INFO] IPUIPlugin:64 - create IPUIPlugin
2022-08-28 10:54:50,990 [INFO] PluginManager:200 - loadIPPluginJar : add dma
2022-08-28 10:54:50,991 [INFO] IPUIPlugin:64 - create IPUIPlugin
2022-08-28 10:54:50,991 [INFO] PluginManager:200 - loadIPPluginJar : add fatfs
2022-08-28 10:54:50,995 [INFO] IPUIPlugin:64 - create IPUIPlugin
2022-08-28 10:54:50,995 [INFO] PluginManager:200 - loadIPPluginJar : add fmc
2022-08-28 10:54:51,000 [INFO] IPUIPlugin:64 - create IPUIPlugin
2022-08-28 10:54:51,001 [INFO] PluginManager:200 - loadIPPluginJar : add freertos
2022-08-28 10:54:51,002 [INFO] IPUIPlugin:64 - create IPUIPlugin
2022-08-28 10:54:51,002 [INFO] PluginManager:200 - loadIPPluginJar : add genericplugin
2022-08-28 10:54:51,042 [INFO] IPUIPlugin:64 - create IPUIPlugin
2022-08-28 10:54:51,043 [INFO] PluginManager:200 - loadIPPluginJar : add gfxmmu
2022-08-28 10:54:51,050 [INFO] IPUIPlugin:64 - create IPUIPlugin
2022-08-28 10:54:51,050 [INFO] PluginManager:200 - loadIPPluginJar : add gic
2022-08-28 10:54:51,056 [INFO] IPUIPlugin:64 - create IPUIPlugin
2022-08-28 10:54:51,057 [INFO] PluginManager:200 - loadIPPluginJar : add gpio
2022-08-28 10:54:51,059 [INFO] IPUIPlugin:64 - create IPUIPlugin
2022-08-28 10:54:51,060 [INFO] PluginManager:200 - loadIPPluginJar : add gtzc
2022-08-28 10:54:51,062 [INFO] IPUIPlugin:64 - create IPUIPlugin
2022-08-28 10:54:51,063 [INFO] PluginManager:200 - loadIPPluginJar : add hash
2022-08-28 10:54:51,065 [INFO] IPUIPlugin:64 - create IPUIPlugin
2022-08-28 10:54:51,065 [INFO] PluginManager:200 - loadIPPluginJar : add i2c
2022-08-28 10:54:51,067 [INFO] IPUIPlugin:64 - create IPUIPlugin
2022-08-28 10:54:51,068 [INFO] PluginManager:200 - loadIPPluginJar : add i2s
2022-08-28 10:54:51,071 [INFO] IPUIPlugin:64 - create IPUIPlugin
2022-08-28 10:54:51,071 [INFO] PluginManager:200 - loadIPPluginJar : add ipddr
2022-08-28 10:54:51,073 [INFO] IPUIPlugin:64 - create IPUIPlugin
2022-08-28 10:54:51,074 [INFO] PluginManager:200 - loadIPPluginJar : add ltdc
2022-08-28 10:54:51,077 [INFO] IPUIPlugin:64 - create IPUIPlugin
2022-08-28 10:54:51,092 [INFO] PluginManager:200 - loadIPPluginJar : add mdma
2022-08-28 10:54:51,095 [INFO] IPUIPlugin:64 - create IPUIPlugin
2022-08-28 10:54:51,095 [INFO] PluginManager:200 - loadIPPluginJar : add nvic
2022-08-28 10:54:51,097 [INFO] IPUIPlugin:64 - create IPUIPlugin
2022-08-28 10:54:51,098 [INFO] PluginManager:200 - loadIPPluginJar : add opamp
2022-08-28 10:54:51,100 [INFO] IPUIPlugin:64 - create IPUIPlugin
2022-08-28 10:54:51,100 [INFO] PluginManager:200 - loadIPPluginJar : add openamp
2022-08-28 10:54:51,102 [INFO] IPUIPlugin:64 - create IPUIPlugin
2022-08-28 10:54:51,102 [INFO] PluginManager:200 - loadIPPluginJar : add pdm2pcm
2022-08-28 10:54:51,107 [INFO] IPUIPlugin:64 - create IPUIPlugin
2022-08-28 10:54:51,109 [INFO] PluginManager:200 - loadIPPluginJar : add plateformsettings
2022-08-28 10:54:51,110 [INFO] IPUIPlugin:64 - create IPUIPlugin
2022-08-28 10:54:51,110 [INFO] PluginManager:200 - loadIPPluginJar : add quadspi
2022-08-28 10:54:51,112 [INFO] IPUIPlugin:64 - create IPUIPlugin
2022-08-28 10:54:51,112 [INFO] PluginManager:200 - loadIPPluginJar : add resmgrutility
2022-08-28 10:54:51,114 [INFO] IPUIPlugin:64 - create IPUIPlugin
2022-08-28 10:54:51,114 [INFO] PluginManager:200 - loadIPPluginJar : add sai
2022-08-28 10:54:51,116 [INFO] IPUIPlugin:64 - create IPUIPlugin
2022-08-28 10:54:51,116 [INFO] PluginManager:200 - loadIPPluginJar : add spi
2022-08-28 10:54:51,119 [INFO] IPUIPlugin:64 - create IPUIPlugin
2022-08-28 10:54:51,119 [INFO] PluginManager:200 - loadIPPluginJar : add stm32_wpan
2022-08-28 10:54:51,120 [INFO] IPUIPlugin:64 - create IPUIPlugin
2022-08-28 10:54:51,120 [INFO] PluginManager:200 - loadIPPluginJar : add tim
2022-08-28 10:54:51,123 [INFO] IPUIPlugin:64 - create IPUIPlugin
2022-08-28 10:54:51,123 [INFO] PluginManager:200 - loadIPPluginJar : add touchsensing
2022-08-28 10:54:51,124 [INFO] IPUIPlugin:64 - create IPUIPlugin
2022-08-28 10:54:51,124 [INFO] PluginManager:200 - loadIPPluginJar : add tracer_emb
2022-08-28 10:54:51,126 [INFO] IPUIPlugin:64 - create IPUIPlugin
2022-08-28 10:54:51,126 [INFO] PluginManager:200 - loadIPPluginJar : add ts
2022-08-28 10:54:51,127 [INFO] IPUIPlugin:64 - create IPUIPlugin
2022-08-28 10:54:51,127 [INFO] PluginManager:200 - loadIPPluginJar : add tsc
2022-08-28 10:54:51,128 [INFO] IPUIPlugin:64 - create IPUIPlugin
2022-08-28 10:54:51,129 [INFO] PluginManager:200 - loadIPPluginJar : add ucpd
2022-08-28 10:54:51,131 [INFO] IPUIPlugin:64 - create IPUIPlugin
2022-08-28 10:54:51,131 [INFO] PluginManager:200 - loadIPPluginJar : add usart
2022-08-28 10:54:51,768 [INFO] CubeProgrammer:457 - [DDR PANEL] - PathOfProgrammer: null
2022-08-28 10:54:52,374 [FATAL] Updater:282 - Updater called before beeing initialized
2022-08-28 10:54:52,553 [FATAL] Updater:282 - Updater called before beeing initialized
2022-08-28 10:54:52,553 [WARN] ThirdParty:775 - waiting for thirdparty lock release [close project]
2022-08-28 10:54:52,553 [INFO] ThirdParty:777 - entering critical section [close project]
2022-08-28 10:54:52,554 [INFO] ThirdParty:790 - exiting critical section [close project]
2022-08-28 10:54:52,555 [INFO] PinOutPanel:1418 - setPackage(No Configuration,No Configuration)
2022-08-28 10:54:52,556 [FATAL] Updater:282 - Updater called before beeing initialized
2022-08-28 10:54:52,560 [ERROR] Updater:967 - MainUpdater not yet initialized. External WinMGr cannot be set.
2022-08-28 10:54:52,561 [INFO] CubeProgrammer:457 - [DDR PANEL] - PathOfProgrammer: C:\ST\STM32CubeIDE_1.4.0\STM32CubeIDE\plugins\com.st.stm32cube.ide.mcu.externaltools.cubeprogrammer.win32_1.4.0.202007081208\tools\bin
2022-08-28 10:54:52,565 [INFO] ProgrammerExecThread:148 - [ProgrammerAPI] CubeProgrammer command construction: C:\ST\STM32CubeIDE_1.4.0\STM32CubeIDE\plugins\com.st.stm32cube.ide.mcu.externaltools.cubeprogrammer.win32_1.4.0.202007081208\tools\bin\STM32_Programmer_CLI.exe -l
2022-08-28 10:54:52,766 [INFO] MainDdrPanel:49 - [DDR PANEL] SETTER - Set cubeProgrammerPath to: C:\ST\STM32CubeIDE_1.4.0\STM32CubeIDE\plugins\com.st.stm32cube.ide.mcu.externaltools.cubeprogrammer.win32_1.4.0.202007081208\tools\bin
2022-08-28 10:54:52,783 [INFO] Updater:904 - Updater Version found : 6.0.0
2022-08-28 10:54:52,799 [INFO] ApplicationProperties:181 - Using Application install path: C:\ST\STM32CubeIDE_1.4.0\STM32CubeIDE\plugins\com.st.stm32cube.common.mx_6.0.0.202007160824
2022-08-28 10:54:52,920 [INFO] MainUpdater:2268 - connection check result : 10
2022-08-28 10:54:52,920 [INFO] MainUpdater:239 - Updater Check For Update Now.
2022-08-28 10:54:52,920 [INFO] MicroXplorer:414 - Change Database Version : DB.6.0.0
2022-08-28 10:54:52,960 [INFO] CheckServerUpdateThread:102 - End of CheckServer Thread
2022-08-28 10:54:53,027 [INFO] MainUpdater:2268 - connection check result : 10
2022-08-28 10:54:53,403 [INFO] McuFinderGlobals:40 - Set McuFinder mode to 2 (CubeIDE integrated)
2022-08-28 10:54:53,572 [WARN] IntegrityCheckThread:61 - waiting for thirdparty lock release [integrity check]
2022-08-28 10:54:53,572 [INFO] IntegrityCheckThread:63 - entering critical section [integrity check]
2022-08-28 10:54:53,595 [INFO] CrossSelectorPresenter:1330 - Cross Selector saved comparison directory: C:\Users\Haytham\.stmcufinder\plugins\mcufinder\mcu\cs_comparisons_mx
2022-08-28 10:54:53,602 [INFO] MultiScanPanel:193 - Auto-refresh data requested => check proxy status ongoing
2022-08-28 10:54:53,610 [INFO] FinderPluginLoader:87 - Searching for filters in installed packs
2022-08-28 10:54:53,613 [INFO] DbMcusXml:100 - Load MCU database from C:\ST\STM32CubeIDE_1.4.0\STM32CubeIDE\plugins\com.st.stm32cube.common.mx_6.0.0.202007160824\\db\/mcu/families.xml
2022-08-28 10:54:54,228 [INFO] ThirdPartyDb:299 - Save Third Party DataBase File (C:/Users/Haytham/.stm32cubemx/plugins/thirdparty/db/thirdparties_db.xml) [forced]
2022-08-28 10:54:54,307 [INFO] ThirdPartyDb:299 - Save Third Party DataBase File (C:/Users/Haytham/.stm32cubemx/plugins/thirdparty/db/thirdparties_db.xml) [forced]
2022-08-28 10:54:54,417 [INFO] IntegrityCheckThread:76 - exiting critical section [integrity check]
2022-08-28 10:54:54,418 [INFO] IntegrityCheckThread:79 - End integrity checks thread
2022-08-28 10:54:54,547 [INFO] DbMcusJson:92 - JSON generation date=Tue Nov 16 18:17:54 EET 2021 (1637079474)
2022-08-28 10:54:55,369 [INFO] DbMcus:175 - Found 1761 MCUs (1722 are supported by CubeMX, 1911 are visible in CubeMX)
2022-08-28 10:54:55,370 [INFO] ApiDb:201 - Load user favorites file C:\Users\Haytham/.stm32cubeide/favorites.mcus.txt: 0 item(s)
2022-08-28 10:54:55,370 [INFO] ApiDb:205 - User favorites MCUs=[]
2022-08-28 10:54:55,370 [INFO] DbMcus:187 - Set 0 / 0 favorites MCUs
2022-08-28 10:54:55,818 [INFO] LoadUrlFilesThread:162 - End of LoadServerUrlFiles without Thread
2022-08-28 10:54:55,838 [INFO] DetailPanel:331 - Set advertising image to C:/Users/Haytham/STM32Cube/Repository/\stm32cubemx-promo_image.jpg
2022-08-28 10:54:56,163 [INFO] McuFilterPanel:245 - Update 0 favorites MCUs
2022-08-28 10:54:56,237 [INFO] DbBoardsPdsc:94 - Found 23 items
2022-08-28 10:54:56,240 [INFO] DbBoardsPdsc:94 - Found 9 items
2022-08-28 10:54:56,244 [INFO] DbBoardsPdsc:94 - Found 29 items
2022-08-28 10:54:56,247 [INFO] DbBoardsPdsc:94 - Found 1 items
2022-08-28 10:54:56,254 [INFO] DbBoardsPdsc:94 - Found 44 items
2022-08-28 10:54:56,262 [INFO] DbBoardsPdsc:94 - Found 40 items
2022-08-28 10:54:56,265 [INFO] DbBoardsPdsc:94 - Found 2 items
2022-08-28 10:54:56,269 [INFO] DbBoardsPdsc:94 - Found 4 items
2022-08-28 10:54:56,277 [WARN] DbBoardsPdsc:258 - Board STM32H7B3I-DK: unknown feature type=Audio, name=, username=Audio stereo codec with Headphone Amp (CS42L51-CNZ), n=1
2022-08-28 10:54:56,277 [WARN] DbBoardsPdsc:258 - Board STM32H735G-DK: unknown feature type=Audio, name=, username=Audio stereo codec with Headphone Amp (WM8994ECS/R), n=1
2022-08-28 10:54:56,280 [WARN] DbBoardsPdsc:258 - Board STM32H7B3I-EVAL: unknown feature type=Audio, name=, username=Multi-Channel Audio Codec (CS42L51-CNZ), n=1
2022-08-28 10:54:56,281 [WARN] DbBoardsPdsc:258 - Board STM32H7B3I-EVAL: unknown feature type=Meter, name=, username=Power-metering and Temperature-monitoring with sigma-delta modulators, n=1
2022-08-28 10:54:56,281 [WARN] DbBoardsPdsc:258 - Board STM32H7B3I-EVAL: unknown feature type=Motor, name=, username=Motor Control, n=1
2022-08-28 10:54:56,321 [INFO] DbBoardsJson:85 - JSON generation date=Tue Nov 16 18:17:54 EET 2021 (1637079474)
2022-08-28 10:54:56,332 [INFO] DbBoards:117 - Found 166 boards (149 are supported by CubeMX)
2022-08-28 10:54:56,337 [INFO] DbBoardsDocs:145 - JSON generation date=Tue Nov 16 18:17:54 EET 2021 (1637079474)
2022-08-28 10:54:56,345 [INFO] DbBoardsDocs:81 - Found 209 boards documents
2022-08-28 10:54:56,346 [WARN] DbBoards:127 - board B-L475E-IOT01A2 has no document id list !
2022-08-28 10:54:56,348 [WARN] DbBoards:127 - board NUCLEO-H743ZI has no document id list !
2022-08-28 10:54:56,349 [WARN] DbBoards:127 - board P-NUCLEO-WB55-Nucleo has no document id list !
2022-08-28 10:54:56,350 [WARN] DbBoards:127 - board P-NUCLEO-WB55-USBDongle has no document id list !
2022-08-28 10:54:56,350 [WARN] DbBoards:127 - board STEVAL-BFA001V1B has no document id list !
2022-08-28 10:54:56,350 [WARN] DbBoards:127 - board STEVAL-BFA001V2B has no document id list !
2022-08-28 10:54:56,350 [WARN] DbBoards:127 - board STEVAL-IDP005V1 has no document id list !
2022-08-28 10:54:56,350 [WARN] DbBoards:127 - board STEVAL-IDP005V2 has no document id list !
2022-08-28 10:54:56,350 [WARN] DbBoards:127 - board STEVAL-MKSBOX1V1 has no document id list !
2022-08-28 10:54:56,350 [WARN] DbBoards:127 - board STEVAL-STWINKT1 has no document id list !
2022-08-28 10:54:56,351 [WARN] DbBoards:127 - board STEVAL-STWINKT1B has no document id list !
2022-08-28 10:54:56,351 [WARN] DbBoards:127 - board STM32439I-EVAL2 has no document id list !
2022-08-28 10:54:56,351 [WARN] DbBoards:127 - board STM32F401C-DISCO has no document id list !
2022-08-28 10:54:56,352 [WARN] DbBoards:127 - board STM32F769I-DISC1 has no document id list !
2022-08-28 10:54:56,353 [WARN] DbBoards:127 - board STM32G474E-EVAL1 has no document id list !
2022-08-28 10:54:56,354 [WARN] DbBoards:127 - board STM32H743I-EVAL2 has no document id list !
2022-08-28 10:54:56,354 [WARN] DbBoards:127 - board STM32H747I-DISC1 has no document id list !
2022-08-28 10:54:56,355 [WARN] DbBoards:127 - board STM32H753I-EVAL2 has no document id list !
2022-08-28 10:54:56,355 [WARN] DbBoards:127 - board STM32L-DISCOVERY has no document id list !
2022-08-28 10:54:56,490 [ERROR] DbBoards:189 - Image file not found for board B-L462E-CELL1: C:\ST\STM32CubeIDE_1.4.0\STM32CubeIDE\plugins\com.st.stm32cube.common.mx_6.0.0.202007160824\\db\/plugins/mcufinder/images/boards/B-L462E-CELL1_small.jpg
2022-08-28 10:54:56,576 [ERROR] DbBoards:189 - Image file not found for board B-U585I-IOT02A: C:\ST\STM32CubeIDE_1.4.0\STM32CubeIDE\plugins\com.st.stm32cube.common.mx_6.0.0.202007160824\\db\/plugins/mcufinder/images/boards/B-U585I-IOT02A_small.jpg
2022-08-28 10:54:56,655 [ERROR] DbBoards:189 - Image file not found for board NUCLEO-F413ZH: C:\ST\STM32CubeIDE_1.4.0\STM32CubeIDE\plugins\com.st.stm32cube.common.mx_6.0.0.202007160824\\db\/plugins/mcufinder/images/boards/nucleo-f413zh_small.jpg
2022-08-28 10:54:56,786 [ERROR] DbBoards:189 - Image file not found for board NUCLEO-L552ZE-Q: C:\ST\STM32CubeIDE_1.4.0\STM32CubeIDE\plugins\com.st.stm32cube.common.mx_6.0.0.202007160824\\db\/plugins/mcufinder/images/boards/nucleo_l552ze_q_small.jpg
2022-08-28 10:54:56,786 [ERROR] DbBoards:189 - Image file not found for board NUCLEO-U575ZI-Q: C:\ST\STM32CubeIDE_1.4.0\STM32CubeIDE\plugins\com.st.stm32cube.common.mx_6.0.0.202007160824\\db\/plugins/mcufinder/images/boards/nucleo-u575zi-q_small.jpg
2022-08-28 10:54:56,786 [ERROR] DbBoards:189 - Image file not found for board NUCLEO-WB15CC: C:\ST\STM32CubeIDE_1.4.0\STM32CubeIDE\plugins\com.st.stm32cube.common.mx_6.0.0.202007160824\\db\/plugins/mcufinder/images/boards/nucleo-wb15cc_small.jpg
2022-08-28 10:54:56,786 [ERROR] DbBoards:189 - Image file not found for board NUCLEO-WB55RG: C:\ST\STM32CubeIDE_1.4.0\STM32CubeIDE\plugins\com.st.stm32cube.common.mx_6.0.0.202007160824\\db\/plugins/mcufinder/images/boards/nucleo-wb55rg_small.jpg
2022-08-28 10:54:56,786 [ERROR] DbBoards:189 - Image file not found for board NUCLEO-WL55JC: C:\ST\STM32CubeIDE_1.4.0\STM32CubeIDE\plugins\com.st.stm32cube.common.mx_6.0.0.202007160824\\db\/plugins/mcufinder/images/boards/nucleo-wl55jc-small.jpg
2022-08-28 10:54:56,943 [ERROR] DbBoards:189 - Image file not found for board STEVAL-STWINKT1B: C:\ST\STM32CubeIDE_1.4.0\STM32CubeIDE\plugins\com.st.stm32cube.common.mx_6.0.0.202007160824\\db\/plugins/mcufinder/images/boards/steval-stwinkt1b_small.jpg
2022-08-28 10:54:57,259 [ERROR] DbBoards:189 - Image file not found for board STM32G0C1E-EV: C:\ST\STM32CubeIDE_1.4.0\STM32CubeIDE\plugins\com.st.stm32cube.common.mx_6.0.0.202007160824\\db\/plugins/mcufinder/images/boards/stm32g0c1e-eval_small.jpg
2022-08-28 10:54:57,344 [ERROR] DbBoards:189 - Image file not found for board STM32H7B3I-EVAL: C:\ST\STM32CubeIDE_1.4.0\STM32CubeIDE\plugins\com.st.stm32cube.common.mx_6.0.0.202007160824\\db\/plugins/mcufinder/images/boards/stm32h7b3ieval_small.jpg
2022-08-28 10:54:57,512 [ERROR] DbBoards:189 - Image file not found for board STM32U575I-EV: C:\ST\STM32CubeIDE_1.4.0\STM32CubeIDE\plugins\com.st.stm32cube.common.mx_6.0.0.202007160824\\db\/plugins/mcufinder/images/boards/stm32u575i-ev_small.jpg
2022-08-28 10:54:57,542 [ERROR] DbBoards:189 - Image file not found for board STM32WB5MM-DK: C:\ST\STM32CubeIDE_1.4.0\STM32CubeIDE\plugins\com.st.stm32cube.common.mx_6.0.0.202007160824\\db\/plugins/mcufinder/images/boards/STM32WB5MM-DK_small.jpg
2022-08-28 10:54:57,543 [INFO] ApiDb:201 - Load user favorites file C:\Users\Haytham/.stm32cubeide/favorites.boards.txt: 0 item(s)
2022-08-28 10:54:57,543 [INFO] ApiDb:205 - User favorites Boards=[]
2022-08-28 10:54:57,543 [INFO] DbBoards:206 - Set 0 / 0 favorites Boards
2022-08-28 10:55:04,659 [INFO] MultiScanPanel:193 - Auto-refresh data requested => check proxy status ongoing
2022-08-28 10:55:04,708 [INFO] LoadUrlFilesThread:162 - End of LoadServerUrlFiles without Thread
2022-08-28 10:55:04,708 [INFO] DetailPanel:331 - Set advertising image to C:/Users/Haytham/STM32Cube/Repository/\stm32cubemx-promo_image.jpg
2022-08-28 10:55:04,727 [INFO] BoardFilterPanel:214 - Update 0 favorites Boards
2022-08-28 10:55:12,223 [INFO] DbMcusDocs:145 - JSON generation date=Tue Nov 16 18:17:54 EET 2021 (1637079474)
2022-08-28 10:55:12,634 [INFO] DbMcusDocs:81 - Found 682 MCUs documents
2022-08-28 10:55:21,794 [INFO] LogOutputStream:76 - [STDOUT_REDIRECT] withoutVersionV1.8.4
2022-08-28 10:55:21,795 [INFO] LogOutputStream:76 - [STDOUT_REDIRECT] withoutVersionV1.8.3
2022-08-28 10:55:21,796 [INFO] LogOutputStream:76 - [STDOUT_REDIRECT] withoutVersionV1.8.2
2022-08-28 10:55:21,797 [INFO] LogOutputStream:76 - [STDOUT_REDIRECT] withoutVersionV1.8.1
2022-08-28 10:55:21,797 [INFO] LogOutputStream:76 - [STDOUT_REDIRECT] withoutVersionV1.8.0
2022-08-28 10:55:26,010 [INFO] ApiDb:226 - Save user favorites file C:\Users\Haytham/.stm32cubeide/favorites.mcus.txt: 0 item(s)
2022-08-28 10:55:26,011 [INFO] ApiDb:230 - User favorites MCUs=[]
2022-08-28 10:55:26,013 [INFO] ApiDb:226 - Save user favorites file C:\Users\Haytham/.stm32cubeide/favorites.boards.txt: 0 item(s)
2022-08-28 10:55:26,014 [INFO] ApiDb:230 - User favorites Boards=[]
2022-08-28 11:30:30,717 [INFO] Activator:178 - 


2022-08-28 11:30:30,729 [INFO] Activator:179 - !SESSION log4j initialized
